d:\githubwh\15p\密码本\密码本\debug\vc142.pdb
d:\githubwh\15p\密码本\密码本\debug\vc142.idb
d:\githubwh\15p\密码本\密码本\debug\密码本.obj
d:\githubwh\15p\密码本\密码本\debug\uncode.obj
d:\githubwh\15p\密码本\密码本\debug\seeall.obj
d:\githubwh\15p\密码本\密码本\debug\search.obj
d:\githubwh\15p\密码本\密码本\debug\save.obj
d:\githubwh\15p\密码本\密码本\debug\read.obj
d:\githubwh\15p\密码本\密码本\debug\menu.obj
d:\githubwh\15p\密码本\密码本\debug\login.obj
d:\githubwh\15p\密码本\密码本\debug\incode.obj
d:\githubwh\15p\密码本\密码本\debug\dele.obj
d:\githubwh\15p\密码本\密码本\debug\change.obj
d:\githubwh\15p\密码本\密码本\debug\add.obj
d:\githubwh\15p\密码本\debug\密码本.exe
d:\githubwh\15p\密码本\密码本\debug\密码本.ilk
d:\githubwh\15p\密码本\debug\密码本.pdb
d:\githubwh\15p\密码本\密码本\debug\密码本.tlog\cl.command.1.tlog
d:\githubwh\15p\密码本\密码本\debug\密码本.tlog\cl.read.1.tlog
d:\githubwh\15p\密码本\密码本\debug\密码本.tlog\cl.write.1.tlog
d:\githubwh\15p\密码本\密码本\debug\密码本.tlog\link.command.1.tlog
d:\githubwh\15p\密码本\密码本\debug\密码本.tlog\link.read.1.tlog
d:\githubwh\15p\密码本\密码本\debug\密码本.tlog\link.write.1.tlog
